-------------------------------------------------------------------------------->8
[2025-11-30T05:10:59.908757100Z] 
[2025-11-30T05:11:00.455666200Z] Running Electron app (stock)
[2025-11-30T05:11:00.985619200Z] [BUGSNAG] Loaded! In main process.
[2025-11-30T05:11:00.995717900Z] [BUGSNAG] Writing session payload to cache
[2025-11-30T05:11:20.566035700Z] 
[2025-11-30T05:11:21.015706600Z] Running Electron app (stock)
-------------------------------------------------------------------------------->8
[2026-01-08T08:35:43.259875700Z] 
[2026-01-08T08:35:43.451569600Z] Running Electron app (stock)
[2026-01-08T08:35:43.871568200Z] [BUGSNAG] Loaded! In main process.
[2026-01-08T08:35:43.881136100Z] [BUGSNAG] Writing session payload to cache
-------------------------------------------------------------------------------->8
[2026-01-08T08:40:42.702234700Z] 
[2026-01-08T08:40:42.838875600Z] Running Electron app (stock)
[2026-01-08T08:40:43.002734700Z] [BUGSNAG] Loaded! In main process.
[2026-01-08T08:40:43.005821600Z] [BUGSNAG] Writing session payload to cache
-------------------------------------------------------------------------------->8
[2026-01-08T10:00:12.296680100Z] 
[2026-01-08T10:00:12.478207000Z] Running Electron app (stock)
[2026-01-08T10:00:12.661945000Z] [BUGSNAG] Loaded! In main process.
[2026-01-08T10:00:12.663028000Z] [BUGSNAG] Writing session payload to cache
-------------------------------------------------------------------------------->8
[2026-01-11T13:47:58.518050300Z] 
[2026-01-11T13:47:58.618378000Z] Running Electron app (stock)
[2026-01-11T13:47:58.745935800Z] [BUGSNAG] Loaded! In main process.
[2026-01-11T13:47:58.747903300Z] [BUGSNAG] Writing session payload to cache
-------------------------------------------------------------------------------->8
[2026-01-12T03:37:18.351719200Z] 
[2026-01-12T03:37:18.670516300Z] Running Electron app (stock)
[2026-01-12T03:37:19.041780200Z] [BUGSNAG] Loaded! In main process.
[2026-01-12T03:37:19.044771700Z] [BUGSNAG] Writing session payload to cache
-------------------------------------------------------------------------------->8
[2026-01-12T04:55:42.822825400Z] 
[2026-01-12T04:55:42.936117000Z] Running Electron app (stock)
[2026-01-12T04:55:43.088853800Z] [BUGSNAG] Loaded! In main process.
[2026-01-12T04:55:43.090192100Z] [BUGSNAG] Writing session payload to cache
-------------------------------------------------------------------------------->8
[2026-01-16T03:05:11.769674400Z] 
[2026-01-16T03:05:11.926063800Z] Running Electron app (stock)
[2026-01-16T03:05:12.129338800Z] [BUGSNAG] Loaded! In main process.
[2026-01-16T03:05:12.132806500Z] [BUGSNAG] Writing session payload to cache
-------------------------------------------------------------------------------->8
[2026-01-16T03:33:29.181203800Z] 
[2026-01-16T03:33:29.421732400Z] Running Electron app (stock)
[2026-01-16T03:33:29.824098200Z] [BUGSNAG] Loaded! In main process.
[2026-01-16T03:33:29.828533400Z] [BUGSNAG] Writing session payload to cache
-------------------------------------------------------------------------------->8
[2026-01-19T02:45:21.708088700Z] 
[2026-01-19T02:45:21.864467900Z] Running Electron app (stock)
[2026-01-19T02:45:22.080031500Z] [BUGSNAG] Loaded! In main process.
[2026-01-19T02:45:22.081810000Z] [BUGSNAG] Writing session payload to cache
-------------------------------------------------------------------------------->8
[2026-01-27T09:37:29.863685500Z] 
[2026-01-27T09:37:30.049206400Z] Running Electron app (stock)
[2026-01-27T09:37:30.271112000Z] [BUGSNAG] Loaded! In main process.
[2026-01-27T09:37:30.272267500Z] [BUGSNAG] Writing session payload to cache
-------------------------------------------------------------------------------->8
[2026-01-31T09:22:52.102341800Z] 
[2026-01-31T09:22:52.295697200Z] Running Electron app (stock)
[2026-01-31T09:22:52.491349600Z] [BUGSNAG] Loaded! In main process.
[2026-01-31T09:22:52.494391800Z] [BUGSNAG] Writing session payload to cache
-------------------------------------------------------------------------------->8
[2026-02-02T03:59:50.389767500Z] 
[2026-02-02T03:59:51.080321800Z] Running Electron app (stock)
[2026-02-02T03:59:51.727116400Z] [BUGSNAG] Loaded! In main process.
[2026-02-02T03:59:51.734672000Z] [BUGSNAG] Writing session payload to cache
-------------------------------------------------------------------------------->8
[2026-02-02T07:29:42.892831600Z] 
[2026-02-02T07:29:43.294787400Z] Running Electron app (stock)
[2026-02-02T07:29:43.811119800Z] [BUGSNAG] Loaded! In main process.
[2026-02-02T07:29:43.816272800Z] [BUGSNAG] Writing session payload to cache
-------------------------------------------------------------------------------->8
[2026-02-02T07:48:28.964777400Z] 
[2026-02-02T07:48:29.271275400Z] Running Electron app (stock)
[2026-02-02T07:48:29.666739600Z] [BUGSNAG] Loaded! In main process.
[2026-02-02T07:48:29.678457800Z] [BUGSNAG] Writing session payload to cache
-------------------------------------------------------------------------------->8
[2026-02-02T07:55:06.500809800Z] 
[2026-02-02T07:55:06.809401600Z] Running Electron app (stock)
[2026-02-02T07:55:07.670841400Z] [BUGSNAG] Loaded! In main process.
[2026-02-02T07:55:07.673523000Z] [BUGSNAG] Writing session payload to cache
-------------------------------------------------------------------------------->8
[2026-02-02T09:55:53.860934800Z] 
[2026-02-02T09:55:55.137137500Z] Running Electron app (stock)
[2026-02-02T09:55:55.914078200Z] [BUGSNAG] Loaded! In main process.
[2026-02-02T09:55:55.934410800Z] [BUGSNAG] Writing session payload to cache
[2026-02-02T09:57:31.422884000Z] 
[2026-02-02T09:57:32.510516600Z] Running Electron app (stock)
[2026-02-02T09:57:33.579886100Z] [BUGSNAG] Loaded! In main process.
[2026-02-02T09:57:33.583260200Z] Electron binary was executed directly, will delegate to Docker Desktop backends
[2026-02-02T09:57:33.583260200Z] open Windows binary C:\Program Files\Docker\Docker\Docker Desktop.exe
[2026-02-02T09:57:38.777771300Z] 
[2026-02-02T09:57:39.741857200Z] Running Electron app (stock)
[2026-02-02T09:57:41.027258400Z] [BUGSNAG] Loaded! In main process.
[2026-02-02T09:57:41.031754300Z] Electron binary was executed directly, will delegate to Docker Desktop backends
[2026-02-02T09:57:41.037408000Z] open Windows binary C:\Program Files\Docker\Docker\Docker Desktop.exe
-------------------------------------------------------------------------------->8
[2026-02-02T11:22:18.925935100Z] 
[2026-02-02T11:22:20.242424500Z] Running Electron app (stock)
[2026-02-02T11:22:21.013309700Z] [BUGSNAG] Loaded! In main process.
[2026-02-02T11:22:21.052639400Z] [BUGSNAG] Writing session payload to cache
-------------------------------------------------------------------------------->8
[2026-02-02T11:42:19.226151300Z] 
[2026-02-02T11:42:20.149870800Z] Running Electron app (stock)
[2026-02-02T11:42:20.536913900Z] [BUGSNAG] Loaded! In main process.
[2026-02-02T11:42:20.547533300Z] [BUGSNAG] Writing session payload to cache
-------------------------------------------------------------------------------->8
[2026-02-02T12:24:04.036724300Z] 
[2026-02-02T12:24:04.877711500Z] Running Electron app (stock)
[2026-02-02T12:24:05.338059900Z] [BUGSNAG] Loaded! In main process.
[2026-02-02T12:24:05.353064700Z] [BUGSNAG] Writing session payload to cache
-------------------------------------------------------------------------------->8
[2026-02-02T12:36:54.126842400Z] 
[2026-02-02T12:36:54.449803200Z] Running Electron app (stock)
[2026-02-02T12:36:55.003497500Z] [BUGSNAG] Loaded! In main process.
[2026-02-02T12:36:55.032296900Z] [BUGSNAG] Writing session payload to cache
-------------------------------------------------------------------------------->8
[2026-02-02T12:53:54.718934100Z] 
[2026-02-02T12:53:54.883571300Z] Running Electron app (stock)
[2026-02-02T12:53:55.065981700Z] [BUGSNAG] Loaded! In main process.
[2026-02-02T12:53:55.068277100Z] [BUGSNAG] Writing session payload to cache
-------------------------------------------------------------------------------->8
[2026-02-02T12:59:18.310355800Z] 
[2026-02-02T12:59:18.623854100Z] Running Electron app (stock)
[2026-02-02T12:59:19.007604400Z] [BUGSNAG] Loaded! In main process.
[2026-02-02T12:59:19.010409300Z] [BUGSNAG] Writing session payload to cache
-------------------------------------------------------------------------------->8
[2026-02-02T13:05:30.101120200Z] 
[2026-02-02T13:05:30.526822600Z] Running Electron app (stock)
[2026-02-02T13:05:30.988639000Z] [BUGSNAG] Loaded! In main process.
[2026-02-02T13:05:30.993820300Z] [BUGSNAG] Writing session payload to cache
-------------------------------------------------------------------------------->8
[2026-02-12T03:47:36.524930000Z] 
[2026-02-12T03:47:37.095629300Z] Running Electron app (stock)
[2026-02-12T03:47:37.784588000Z] [BUGSNAG] Loaded! In main process.
[2026-02-12T03:47:37.793054200Z] [BUGSNAG] Writing session payload to cache
-------------------------------------------------------------------------------->8
[2026-02-13T04:35:27.270767000Z] 
[2026-02-13T04:35:27.431255700Z] Running Electron app (stock)
[2026-02-13T04:35:27.782083500Z] [BUGSNAG] Loaded! In main process.
[2026-02-13T04:35:27.795225100Z] [BUGSNAG] Writing session payload to cache
-------------------------------------------------------------------------------->8
[2026-02-13T12:42:20.801167300Z] 
[2026-02-13T12:42:22.030337500Z] Running Electron app (stock)
[2026-02-13T12:42:22.707152600Z] [BUGSNAG] Loaded! In main process.
[2026-02-13T12:42:22.724948800Z] [BUGSNAG] Writing session payload to cache
-------------------------------------------------------------------------------->8
[2026-02-16T12:39:54.989704500Z] 
[2026-02-16T12:39:55.205548300Z] Running Electron app (stock)
[2026-02-16T12:39:55.465254900Z] [BUGSNAG] Loaded! In main process.
[2026-02-16T12:39:55.471196900Z] [BUGSNAG] Writing session payload to cache
-------------------------------------------------------------------------------->8
[2026-02-16T13:31:08.433366400Z] 
[2026-02-16T13:31:08.594558900Z] Running Electron app (stock)
[2026-02-16T13:31:08.713461500Z] [BUGSNAG] Loaded! In main process.
[2026-02-16T13:31:08.714060100Z] [BUGSNAG] Writing session payload to cache
-------------------------------------------------------------------------------->8
[2026-02-16T18:04:06.586682900Z] 
[2026-02-16T18:04:06.919195400Z] Running Electron app (stock)
[2026-02-16T18:04:07.469390500Z] [BUGSNAG] Loaded! In main process.
[2026-02-16T18:04:07.475123500Z] [BUGSNAG] Writing session payload to cache
-------------------------------------------------------------------------------->8
[2026-02-17T02:59:13.660490000Z] 
[2026-02-17T02:59:13.892061500Z] Running Electron app (stock)
[2026-02-17T02:59:14.166073600Z] [BUGSNAG] Loaded! In main process.
[2026-02-17T02:59:14.170406000Z] [BUGSNAG] Writing session payload to cache
-------------------------------------------------------------------------------->8
[2026-02-17T09:13:53.997450900Z] 
[2026-02-17T09:13:54.510933000Z] Running Electron app (stock)
[2026-02-17T09:13:55.224462700Z] [BUGSNAG] Loaded! In main process.
[2026-02-17T09:13:55.254652600Z] [BUGSNAG] Writing session payload to cache
-------------------------------------------------------------------------------->8
[2026-02-17T09:26:48.544176600Z] 
[2026-02-17T09:26:48.750623600Z] Running Electron app (stock)
[2026-02-17T09:26:49.197805500Z] [BUGSNAG] Loaded! In main process.
[2026-02-17T09:26:49.205328300Z] [BUGSNAG] Writing session payload to cache
-------------------------------------------------------------------------------->8
[2026-02-17T10:40:33.675910000Z] 
[2026-02-17T10:40:34.650503100Z] Running Electron app (stock)
[2026-02-17T10:40:34.864883000Z] [BUGSNAG] Loaded! In main process.
[2026-02-17T10:40:34.873442500Z] [BUGSNAG] Writing session payload to cache
-------------------------------------------------------------------------------->8
[2026-02-19T01:47:30.699201800Z] 
[2026-02-19T01:47:31.417093500Z] Running Electron app (stock)
[2026-02-19T01:47:32.258893500Z] [BUGSNAG] Loaded! In main process.
[2026-02-19T01:47:32.279861700Z] [BUGSNAG] Writing session payload to cache
-------------------------------------------------------------------------------->8
[2026-02-19T02:13:12.913615800Z] 
[2026-02-19T02:13:13.546349300Z] Running Electron app (stock)
[2026-02-19T02:13:14.227082000Z] [BUGSNAG] Loaded! In main process.
[2026-02-19T02:13:14.252804900Z] [BUGSNAG] Writing session payload to cache
-------------------------------------------------------------------------------->8
[2026-02-19T04:17:19.224253600Z] 
[2026-02-19T04:17:19.453057000Z] Running Electron app (stock)
[2026-02-19T04:17:19.641323400Z] [BUGSNAG] Loaded! In main process.
[2026-02-19T04:17:19.648109600Z] [BUGSNAG] Writing session payload to cache
-------------------------------------------------------------------------------->8
[2026-02-19T04:36:57.243740800Z] 
[2026-02-19T04:36:57.699286700Z] Running Electron app (stock)
[2026-02-19T04:36:57.879836200Z] [BUGSNAG] Loaded! In main process.
[2026-02-19T04:36:57.884854100Z] [BUGSNAG] Writing session payload to cache
-------------------------------------------------------------------------------->8
[2026-02-19T06:03:05.712752500Z] 
[2026-02-19T06:03:05.848161800Z] Running Electron app (stock)
[2026-02-19T06:03:06.034638600Z] [BUGSNAG] Loaded! In main process.
[2026-02-19T06:03:06.036925900Z] [BUGSNAG] Writing session payload to cache
-------------------------------------------------------------------------------->8
[2026-02-19T09:10:40.312686500Z] 
[2026-02-19T09:10:40.659958000Z] Running Electron app (stock)
[2026-02-19T09:10:41.330303700Z] [BUGSNAG] Loaded! In main process.
[2026-02-19T09:10:41.335987200Z] [BUGSNAG] Writing session payload to cache
-------------------------------------------------------------------------------->8
[2026-02-20T03:50:28.886090600Z] 
[2026-02-20T03:50:30.130261900Z] Running Electron app (stock)
[2026-02-20T03:50:30.834988100Z] [BUGSNAG] Loaded! In main process.
[2026-02-20T03:50:30.846892100Z] [BUGSNAG] Writing session payload to cache
-------------------------------------------------------------------------------->8
[2026-02-25T02:23:34.688699200Z] 
[2026-02-25T02:23:35.025477600Z] Running Electron app (stock)
[2026-02-25T02:23:35.704511400Z] [BUGSNAG] Loaded! In main process.
[2026-02-25T02:23:35.714146200Z] [BUGSNAG] Writing session payload to cache
-------------------------------------------------------------------------------->8
[2026-02-25T02:47:38.719069500Z] 
[2026-02-25T02:47:39.127302200Z] Running Electron app (stock)
[2026-02-25T02:47:39.557765400Z] [BUGSNAG] Loaded! In main process.
[2026-02-25T02:47:39.575392400Z] [BUGSNAG] Writing session payload to cache
-------------------------------------------------------------------------------->8
[2026-02-25T03:46:53.923721300Z] 
[2026-02-25T03:46:54.453212000Z] Running Electron app (stock)
[2026-02-25T03:46:54.877030500Z] [BUGSNAG] Loaded! In main process.
[2026-02-25T03:46:54.898747100Z] [BUGSNAG] Writing session payload to cache
